1592205124911	mozrunner::runner	INFO	Running command: "/Applications/Firefox.app/Contents/MacOS/firefox-bin" "-marionette" "-foreground" "-no-remote" "-profile" "/var/folders/4g/t3p7w6qn7cqf_1_jr56jldqh0000gn/T/rust_mozprofilepu7VaQ"
1592205133337	Marionette	INFO	Listening on port 51852
1592205158465	mozrunner::runner	INFO	Running command: "/Applications/Firefox.app/Contents/MacOS/firefox-bin" "-marionette" "-foreground" "-no-remote" "-profile" "/var/folders/4g/t3p7w6qn7cqf_1_jr56jldqh0000gn/T/rust_mozprofilea4JhVu"
1592205160857	Marionette	INFO	Listening on port 51972
1592205160920	Marionette	WARN	TLS certificate errors will be ignored for this session
1592205171006	Marionette	INFO	Stopped listening on port 51852
1592205173922	Marionette	INFO	Stopped listening on port 51972
1592205180950	mozrunner::runner	INFO	Running command: "/Applications/Firefox.app/Contents/MacOS/firefox-bin" "-marionette" "-foreground" "-no-remote" "-profile" "/var/folders/4g/t3p7w6qn7cqf_1_jr56jldqh0000gn/T/rust_mozprofileR1cke0"
1592205183174	Marionette	INFO	Listening on port 52075
1592205183211	Marionette	WARN	TLS certificate errors will be ignored for this session
1592205192094	Marionette	INFO	Stopped listening on port 52075
1592205198906	mozrunner::runner	INFO	Running command: "/Applications/Firefox.app/Contents/MacOS/firefox-bin" "-marionette" "-foreground" "-no-remote" "-profile" "/var/folders/4g/t3p7w6qn7cqf_1_jr56jldqh0000gn/T/rust_mozprofileQQx4u4"
1592205201160	Marionette	INFO	Listening on port 52164
1592205201257	Marionette	WARN	TLS certificate errors will be ignored for this session
1592205411440	mozrunner::runner	INFO	Running command: "/Applications/Firefox.app/Contents/MacOS/firefox-bin" "-marionette" "-foreground" "-no-remote" "-profile" "/var/folders/4g/t3p7w6qn7cqf_1_jr56jldqh0000gn/T/rust_mozprofileEg6OPF"
1592205413778	Marionette	INFO	Listening on port 52927
1592205413795	Marionette	WARN	TLS certificate errors will be ignored for this session
1592205618050	Marionette	INFO	Stopped listening on port 52164
1592205620228	Marionette	INFO	Stopped listening on port 52927
1592205810843	mozrunner::runner	INFO	Running command: "/Applications/Firefox.app/Contents/MacOS/firefox-bin" "-marionette" "-foreground" "-no-remote" "-profile" "/var/folders/4g/t3p7w6qn7cqf_1_jr56jldqh0000gn/T/rust_mozprofileKCqxPm"
1592205812922	Marionette	INFO	Listening on port 53685
1592205812982	Marionette	WARN	TLS certificate errors will be ignored for this session
1592206255220	mozrunner::runner	INFO	Running command: "/Applications/Firefox.app/Contents/MacOS/firefox-bin" "-marionette" "-foreground" "-no-remote" "-profile" "/var/folders/4g/t3p7w6qn7cqf_1_jr56jldqh0000gn/T/rust_mozprofilela6Tq7"
1592206257575	Marionette	INFO	Listening on port 54967
1592206257585	Marionette	WARN	TLS certificate errors will be ignored for this session

###!!! [Child][RunMessage] Error: Channel closing: too late to send/recv, messages will be lost


###!!! [Child][RunMessage] Error: Channel closing: too late to send/recv, messages will be lost


###!!! [Child][RunMessage] Error: Channel closing: too late to send/recv, messages will be lost

1592206306323	mozrunner::runner	INFO	Running command: "/Applications/Firefox.app/Contents/MacOS/firefox-bin" "-marionette" "-foreground" "-no-remote" "-profile" "/var/folders/4g/t3p7w6qn7cqf_1_jr56jldqh0000gn/T/rust_mozprofiletJ5IzA"
1592206308516	Marionette	INFO	Listening on port 55128
1592206308578	Marionette	WARN	TLS certificate errors will be ignored for this session

###!!! [Child][RunMessage] Error: Channel closing: too late to send/recv, messages will be lost


###!!! [Child][RunMessage] Error: Channel closing: too late to send/recv, messages will be lost


###!!! [Child][RunMessage] Error: Channel closing: too late to send/recv, messages will be lost

1592206349604	mozrunner::runner	INFO	Running command: "/Applications/Firefox.app/Contents/MacOS/firefox-bin" "-marionette" "-foreground" "-no-remote" "-profile" "/var/folders/4g/t3p7w6qn7cqf_1_jr56jldqh0000gn/T/rust_mozprofileCCbwcX"
1592206351708	Marionette	INFO	Listening on port 55283
1592206351756	Marionette	WARN	TLS certificate errors will be ignored for this session

###!!! [Child][RunMessage] Error: Channel closing: too late to send/recv, messages will be lost


###!!! [Child][RunMessage] Error: Channel closing: too late to send/recv, messages will be lost

1592206539902	Marionette	INFO	Stopped listening on port 53685
1592206542985	Marionette	INFO	Stopped listening on port 54967
1592206544829	Marionette	INFO	Stopped listening on port 55128
1592206546552	Marionette	INFO	Stopped listening on port 55283
1592206713220	mozrunner::runner	INFO	Running command: "/Applications/Firefox.app/Contents/MacOS/firefox-bin" "-marionette" "-foreground" "-no-remote" "-profile" "/var/folders/4g/t3p7w6qn7cqf_1_jr56jldqh0000gn/T/rust_mozprofileJhx2Ix"
1592206715362	Marionette	INFO	Listening on port 56142
1592206715470	Marionette	WARN	TLS certificate errors will be ignored for this session
1592206855413	mozrunner::runner	INFO	Running command: "/Applications/Firefox.app/Contents/MacOS/firefox-bin" "-marionette" "-foreground" "-no-remote" "-profile" "/var/folders/4g/t3p7w6qn7cqf_1_jr56jldqh0000gn/T/rust_mozprofileQeU0HV"
1592206859135	Marionette	INFO	Listening on port 56525
1592206859207	Marionette	WARN	TLS certificate errors will be ignored for this session
1592206973198	mozrunner::runner	INFO	Running command: "/Applications/Firefox.app/Contents/MacOS/firefox-bin" "-marionette" "-foreground" "-no-remote" "-profile" "/var/folders/4g/t3p7w6qn7cqf_1_jr56jldqh0000gn/T/rust_mozprofile7MV2j4"
1592206975350	Marionette	INFO	Listening on port 56756
1592206975448	Marionette	WARN	TLS certificate errors will be ignored for this session
1592207394433	mozrunner::runner	INFO	Running command: "/Applications/Firefox.app/Contents/MacOS/firefox-bin" "-marionette" "-foreground" "-no-remote" "-profile" "/var/folders/4g/t3p7w6qn7cqf_1_jr56jldqh0000gn/T/rust_mozprofileW2ARZF"
1592207396518	Marionette	INFO	Listening on port 57254
1592207396580	Marionette	WARN	TLS certificate errors will be ignored for this session
1592207400287	Marionette	INFO	Stopped listening on port 56142
1592207402440	Marionette	INFO	Stopped listening on port 56525
1592207404722	Marionette	INFO	Stopped listening on port 56756
Exiting due to channel error.
[GFX1-]: Receive IPC close with reason=AbnormalShutdown
Exiting due to channel error.
1592226412417	mozrunner::runner	INFO	Running command: "/Applications/Firefox.app/Contents/MacOS/firefox-bin" "-marionette" "-foreground" "-no-remote" "-profile" "/var/folders/4g/t3p7w6qn7cqf_1_jr56jldqh0000gn/T/rust_mozprofilejLqIFu"
1592226414802	Marionette	INFO	Listening on port 60001
1592226414895	Marionette	WARN	TLS certificate errors will be ignored for this session
1592226493524	Marionette	INFO	Stopped listening on port 60001
1592226499591	mozrunner::runner	INFO	Running command: "/Applications/Firefox.app/Contents/MacOS/firefox-bin" "-marionette" "-foreground" "-no-remote" "-profile" "/var/folders/4g/t3p7w6qn7cqf_1_jr56jldqh0000gn/T/rust_mozprofileEndMqx"
1592226501771	Marionette	INFO	Listening on port 60198
1592226501876	Marionette	WARN	TLS certificate errors will be ignored for this session
1593045322295	mozrunner::runner	INFO	Running command: "C:\\Program Files (x86)\\Mozilla Firefox\\firefox.exe" "-marionette" "-foreground" "-no-remote" "-profile" "C:\\Users\\Naomi\\AppData\\Local\\Temp\\rust_mozprofileXTZMCo"
JavaScript error: resource://gre/modules/XULStore.jsm, line 66: Error: Can't find profile directory.
1593045332496	Marionette	INFO	Listening on port 64669
1593045332757	Marionette	WARN	TLS certificate errors will be ignored for this session
JavaScript error: resource://gre/modules/XULStore.jsm, line 66: Error: Can't find profile directory.
JavaScript error: resource://gre/modules/XULStore.jsm, line 66: Error: Can't find profile directory.
JavaScript warning: https://www.orpi.com/build/js/main.js?740253512, line 9: WebGL warning: texImage: Alpha-premult and y-flip are deprecated for non-DOM-Element uploads.
JavaScript warning: https://www.orpi.com/build/js/main.js?740253512, line 9: WebGL warning: texImage: Alpha-premult and y-flip are deprecated for non-DOM-Element uploads.
JavaScript warning: https://www.orpi.com/build/js/main.js?740253512, line 9: WebGL warning: texImage: Alpha-premult and y-flip are deprecated for non-DOM-Element uploads.
JavaScript warning: https://www.orpi.com/build/js/main.js?740253512, line 9: WebGL warning: texSubImage: Alpha-premult and y-flip are deprecated for non-DOM-Element uploads.
JavaScript warning: https://www.orpi.com/build/js/main.js?740253512, line 9: WebGL warning: texImage: Alpha-premult and y-flip are deprecated for non-DOM-Element uploads.
JavaScript warning: https://www.orpi.com/build/js/main.js?740253512, line 9: WebGL warning: texImage: Alpha-premult and y-flip are deprecated for non-DOM-Element uploads.
JavaScript warning: https://www.orpi.com/build/js/main.js?740253512, line 9: WebGL warning: texImage: Alpha-premult and y-flip are deprecated for non-DOM-Element uploads.
JavaScript warning: https://www.orpi.com/build/js/main.js?740253512, line 9: WebGL warning: texImage: Alpha-premult and y-flip are deprecated for non-DOM-Element uploads.
JavaScript warning: https://www.orpi.com/build/js/main.js?740253512, line 9: WebGL warning: texImage: Alpha-premult and y-flip are deprecated for non-DOM-Element uploads.
JavaScript warning: https://www.orpi.com/build/js/main.js?740253512, line 9: WebGL warning: texImage: Alpha-premult and y-flip are deprecated for non-DOM-Element uploads.
1593045790297	mozrunner::runner	INFO	Running command: "C:\\Program Files (x86)\\Mozilla Firefox\\firefox.exe" "-marionette" "-foreground" "-no-remote" "-profile" "C:\\Users\\Naomi\\AppData\\Local\\Temp\\rust_mozprofileQyaxcw"
JavaScript error: resource://gre/modules/XULStore.jsm, line 66: Error: Can't find profile directory.
1593045798893	Marionette	INFO	Listening on port 65107
1593045799250	Marionette	WARN	TLS certificate errors will be ignored for this session
JavaScript error: resource://gre/modules/XULStore.jsm, line 66: Error: Can't find profile directory.
JavaScript error: resource://gre/modules/XULStore.jsm, line 66: Error: Can't find profile directory.
JavaScript warning: https://www.orpi.com/build/js/main.js?740253512, line 9: WebGL warning: texImage: Alpha-premult and y-flip are deprecated for non-DOM-Element uploads.
JavaScript warning: https://www.orpi.com/build/js/main.js?740253512, line 9: WebGL warning: texImage: Alpha-premult and y-flip are deprecated for non-DOM-Element uploads.
JavaScript warning: https://www.orpi.com/build/js/main.js?740253512, line 9: WebGL warning: texImage: Alpha-premult and y-flip are deprecated for non-DOM-Element uploads.
JavaScript warning: https://www.orpi.com/build/js/main.js?740253512, line 9: WebGL warning: texSubImage: Alpha-premult and y-flip are deprecated for non-DOM-Element uploads.
JavaScript warning: https://www.orpi.com/build/js/main.js?740253512, line 9: WebGL warning: texImage: Alpha-premult and y-flip are deprecated for non-DOM-Element uploads.
JavaScript warning: https://www.orpi.com/build/js/main.js?740253512, line 9: WebGL warning: texImage: Alpha-premult and y-flip are deprecated for non-DOM-Element uploads.
JavaScript warning: https://www.orpi.com/build/js/main.js?740253512, line 9: WebGL warning: texImage: Alpha-premult and y-flip are deprecated for non-DOM-Element uploads.
JavaScript warning: https://www.orpi.com/build/js/main.js?740253512, line 9: WebGL warning: texImage: Alpha-premult and y-flip are deprecated for non-DOM-Element uploads.
JavaScript warning: https://www.orpi.com/build/js/main.js?740253512, line 9: WebGL warning: texImage: Alpha-premult and y-flip are deprecated for non-DOM-Element uploads.
JavaScript warning: https://www.orpi.com/build/js/main.js?740253512, line 9: WebGL warning: texSubImage: Alpha-premult and y-flip are deprecated for non-DOM-Element uploads.
JavaScript warning: https://www.orpi.com/build/js/main.js?740253512, line 9: WebGL warning: texImage: Alpha-premult and y-flip are deprecated for non-DOM-Element uploads.
JavaScript warning: https://www.orpi.com/build/js/main.js?740253512, line 9: WebGL warning: texImage: Alpha-premult and y-flip are deprecated for non-DOM-Element uploads.
JavaScript warning: https://www.orpi.com/build/js/main.js?740253512, line 9: WebGL warning: texImage: Alpha-premult and y-flip are deprecated for non-DOM-Element uploads.
JavaScript warning: https://www.orpi.com/build/js/main.js?740253512, line 9: WebGL warning: texImage: Alpha-premult and y-flip are deprecated for non-DOM-Element uploads.
JavaScript warning: https://www.orpi.com/build/js/main.js?740253512, line 9: WebGL warning: texImage: Alpha-premult and y-flip are deprecated for non-DOM-Element uploads.
JavaScript warning: https://www.orpi.com/build/js/main.js?740253512, line 9: WebGL warning: texImage: Alpha-premult and y-flip are deprecated for non-DOM-Element uploads.
1593045970004	mozrunner::runner	INFO	Running command: "C:\\Program Files (x86)\\Mozilla Firefox\\firefox.exe" "-marionette" "-foreground" "-no-remote" "-profile" "C:\\Users\\Naomi\\AppData\\Local\\Temp\\rust_mozprofileYPe4MV"
JavaScript error: resource://gre/modules/XULStore.jsm, line 66: Error: Can't find profile directory.
1593045976025	Marionette	INFO	Listening on port 65334
1593045976228	Marionette	WARN	TLS certificate errors will be ignored for this session
JavaScript error: resource://gre/modules/XULStore.jsm, line 66: Error: Can't find profile directory.
JavaScript error: resource://gre/modules/XULStore.jsm, line 66: Error: Can't find profile directory.
1593046165588	mozrunner::runner	INFO	Running command: "C:\\Program Files (x86)\\Mozilla Firefox\\firefox.exe" "-marionette" "-foreground" "-no-remote" "-profile" "C:\\Users\\Naomi\\AppData\\Local\\Temp\\rust_mozprofilen61hOV"
JavaScript error: resource://gre/modules/XULStore.jsm, line 66: Error: Can't find profile directory.
1593046171845	Marionette	INFO	Listening on port 49249
1593046171926	Marionette	WARN	TLS certificate errors will be ignored for this session
JavaScript error: resource://gre/modules/XULStore.jsm, line 66: Error: Can't find profile directory.
JavaScript error: resource://gre/modules/XULStore.jsm, line 66: Error: Can't find profile directory.
JavaScript warning: https://www.orpi.com/build/js/main.js?740253512, line 9: WebGL warning: texImage: Alpha-premult and y-flip are deprecated for non-DOM-Element uploads.
JavaScript warning: https://www.orpi.com/build/js/main.js?740253512, line 9: WebGL warning: texImage: Alpha-premult and y-flip are deprecated for non-DOM-Element uploads.
JavaScript warning: https://www.orpi.com/build/js/main.js?740253512, line 9: WebGL warning: texImage: Alpha-premult and y-flip are deprecated for non-DOM-Element uploads.
JavaScript warning: https://www.orpi.com/build/js/main.js?740253512, line 9: WebGL warning: texImage: Alpha-premult and y-flip are deprecated for non-DOM-Element uploads.
JavaScript warning: https://www.orpi.com/build/js/main.js?740253512, line 9: WebGL warning: texImage: Alpha-premult and y-flip are deprecated for non-DOM-Element uploads.
JavaScript warning: https://www.orpi.com/build/js/main.js?740253512, line 9: WebGL warning: texImage: Alpha-premult and y-flip are deprecated for non-DOM-Element uploads.
JavaScript warning: https://www.orpi.com/build/js/main.js?740253512, line 9: WebGL warning: texImage: Alpha-premult and y-flip are deprecated for non-DOM-Element uploads.
JavaScript warning: https://www.orpi.com/build/js/main.js?740253512, line 9: WebGL warning: texImage: Alpha-premult and y-flip are deprecated for non-DOM-Element uploads.
JavaScript warning: https://www.orpi.com/build/js/main.js?740253512, line 9: WebGL warning: texImage: Alpha-premult and y-flip are deprecated for non-DOM-Element uploads.
JavaScript warning: https://www.orpi.com/build/js/main.js?740253512, line 9: WebGL warning: texSubImage: Alpha-premult and y-flip are deprecated for non-DOM-Element uploads.
1593047123718	mozrunner::runner	INFO	Running command: "C:\\Program Files (x86)\\Mozilla Firefox\\firefox.exe" "-marionette" "-foreground" "-no-remote" "-profile" "C:\\Users\\Naomi\\AppData\\Local\\Temp\\rust_mozprofileYV5oVX"
JavaScript error: resource://gre/modules/XULStore.jsm, line 66: Error: Can't find profile directory.
1593047133044	Marionette	INFO	Listening on port 50418
1593047133271	Marionette	WARN	TLS certificate errors will be ignored for this session
1593047136427	mozrunner::runner	INFO	Running command: "C:\\Program Files (x86)\\Mozilla Firefox\\firefox.exe" "-marionette" "-foreground" "-no-remote" "-profile" "C:\\Users\\Naomi\\AppData\\Local\\Temp\\rust_mozprofileFWCGBN"
JavaScript error: resource://gre/modules/XULStore.jsm, line 66: Error: Can't find profile directory.
1593047142858	Marionette	INFO	Listening on port 50469
1593047143261	Marionette	WARN	TLS certificate errors will be ignored for this session
JavaScript error: , line 0: uncaught exception: Object
:\\Program Files (x86)\\Mozilla Firefox\\firefox.exe" "-marionette" "-foreground" "-no-remote" "-profile" "C:\\Users\\Naomi\\AppData\\Local\\Temp\\rust_mozprofile5KXAWm"
JavaScript error: resource://gre/modules/XULStore.jsm, line 66: Error: Can't find profile directory.
1593047449578	Marionette	INFO	Listening on port 50859
1593047449809	Marionette	WARN	TLS certificate errors will be ignored for this session
JavaScript error: resource://gre/modules/XULStore.jsm, line 66: Error: Can't find profile directory.
JavaScript error: resource://gre/modules/XULStore.jsm, line 66: Error: Can't find profile directory.
JavaScript warning: https://www.orpi.com/build/js/main.js?740253512, line 9: WebGL warning: texImage: Alpha-premult and y-flip are deprecated for non-DOM-Element uploads.
JavaScript warning: https://www.orpi.com/build/js/main.js?740253512, line 9: WebGL warning: texImage: Alpha-premult and y-flip are deprecated for non-DOM-Element uploads.
JavaScript warning: https://www.orpi.com/build/js/main.js?740253512, line 9: WebGL warning: texImage: Alpha-premult and y-flip are deprecated for non-DOM-Element uploads.
JavaScript warning: https://www.orpi.com/build/js/main.js?740253512, line 9: WebGL warning: texSubImage: Alpha-premult and y-flip are deprecated for non-DOM-Element uploads.
JavaScript warning: https://www.orpi.com/build/js/main.js?740253512, line 9: WebGL warning: texImage: Alpha-premult and y-flip are deprecated for non-DOM-Element uploads.
JavaScript warning: https://www.orpi.com/build/js/main.js?740253512, line 9: WebGL warning: texImage: Alpha-premult and y-flip are deprecated for non-DOM-Element uploads.
JavaScript warning: https://www.orpi.com/build/js/main.js?740253512, line 9: WebGL warning: texImage: Alpha-premult and y-flip are deprecated for non-DOM-Element uploads.
JavaScript warning: https://www.orpi.com/build/js/main.js?740253512, line 9: WebGL warning: texImage: Alpha-premult and y-flip are deprecated for non-DOM-Element uploads.
JavaScript warning: https://www.orpi.com/build/js/main.js?740253512, line 9: WebGL warning: texImage: Alpha-premult and y-flip are deprecated for non-DOM-Element uploads.
JavaScript warning: https://www.orpi.com/build/js/main.js?740253512, line 9: WebGL warning: texImage: Alpha-premult and y-flip are deprecated for non-DOM-Element uploads.

###!!! [Child][RunMessage] Error: Channel closing: too late to send/recv, messages will be lost


###!!! [Child][RunMessage] Error: Channel closing: too late to send/recv, messages will be lost


###!!! [Child][RunMessage] Error: Channel closing: too late to send/recv, messages will be lost

1593047478289	Marionette	INFO	Stopped listening on port 50859

###!!! [Child][RunMessage] Error: Channel closing: too late to send/recv, messages will be lost


###!!! [Child][MessageChannel::SendAndWait] Error: Channel error: cannot send/recv

1593047493505	mozrunner::runner	INFO	Running command: "C:\\Program Files (x86)\\Mozilla Firefox\\firefox.exe" "-marionette" "-foreground" "-no-remote" "-profile" "C:\\Users\\Naomi\\AppData\\Local\\Temp\\rust_mozprofilert4GFB"
JavaScript error: resource://gre/modules/XULStore.jsm, line 66: Error: Can't find profile directory.
1593047498044	Marionette	INFO	Listening on port 51012
1593047498255	Marionette	WARN	TLS certificate errors will be ignored for this session
JavaScript error: resource://gre/modules/XULStore.jsm, line 66: Error: Can't find profile directory.
JavaScript error: resource://gre/modules/XULStore.jsm, line 66: Error: Can't find profile directory.
JavaScript warning: https://www.orpi.com/build/js/main.js?740253512, line 9: WebGL warning: texImage: Alpha-premult and y-flip are deprecated for non-DOM-Element uploads.
JavaScript warning: https://www.orpi.com/build/js/main.js?740253512, line 9: WebGL warning: texImage: Alpha-premult and y-flip are deprecated for non-DOM-Element uploads.
JavaScript warning: https://www.orpi.com/build/js/main.js?740253512, line 9: WebGL warning: texImage: Alpha-premult and y-flip are deprecated for non-DOM-Element uploads.
JavaScript warning: https://www.orpi.com/build/js/main.js?740253512, line 9: WebGL warning: texSubImage: Alpha-premult and y-flip are deprecated for non-DOM-Element uploads.
JavaScript warning: https://www.orpi.com/build/js/main.js?740253512, line 9: WebGL warning: texImage: Alpha-premult and y-flip are deprecated for non-DOM-Element uploads.
JavaScript warning: https://www.orpi.com/build/js/main.js?740253512, line 9: WebGL warning: texImage: Alpha-premult and y-flip are deprecated for non-DOM-Element uploads.
JavaScript warning: https://www.orpi.com/build/js/main.js?740253512, line 9: WebGL warning: texImage: Alpha-premult and y-flip are deprecated for non-DOM-Element uploads.
JavaScript warning: https://www.orpi.com/build/js/main.js?740253512, line 9: WebGL warning: texImage: Alpha-premult and y-flip are deprecated for non-DOM-Element uploads.
JavaScript warning: https://www.orpi.com/build/js/main.js?740253512, line 9: WebGL warning: texImage: Alpha-premult and y-flip are deprecated for non-DOM-Element uploads.
JavaScript warning: https://www.orpi.com/build/js/main.js?740253512, line 9: WebGL warning: texImage: Alpha-premult and y-flip are deprecated for non-DOM-Element uploads.
